<?xml version="1.0" encoding="UTF-8"?>
<testng-results skipped="0" failed="0" ignored="0" total="1" passed="1">
  <reporter-output>
  </reporter-output>
  <suite name="Default suite" duration-ms="19653" started-at="2020-05-26T02:12:38Z" finished-at="2020-05-26T02:12:58Z">
    <groups>
    </groups>
    <test name="Default test" duration-ms="19653" started-at="2020-05-26T02:12:38Z" finished-at="2020-05-26T02:12:58Z">
      <class name="loginPage.LoginPageExample">
        <test-method status="PASS" signature="browser()[pri:0, instance:loginPage.LoginPageExample@1774679]" name="browser" is-config="true" duration-ms="12904" started-at="2020-05-26T07:42:38Z" finished-at="2020-05-26T07:42:51Z">
          <reporter-output>
          </reporter-output>
        </test-method> <!-- browser -->
        <test-method status="PASS" signature="loginpage()[pri:0, instance:loginPage.LoginPageExample@1774679]" name="loginpage" duration-ms="4511" started-at="2020-05-26T07:42:51Z" finished-at="2020-05-26T07:42:56Z">
          <reporter-output>
          </reporter-output>
        </test-method> <!-- loginpage -->
        <test-method status="PASS" signature="closeBrowser()[pri:0, instance:loginPage.LoginPageExample@1774679]" name="closeBrowser" is-config="true" duration-ms="2202" started-at="2020-05-26T07:42:56Z" finished-at="2020-05-26T07:42:58Z">
          <reporter-output>
          </reporter-output>
        </test-method> <!-- closeBrowser -->
      </class> <!-- loginPage.LoginPageExample -->
    </test> <!-- Default test -->
  </suite> <!-- Default suite -->
</testng-results>
